# JRE version: Java(TM) SE Runtime Environment (17.0.12+8) (build 17.0.12+8-LTS-286)
# Java VM: Java HotSpot(TM) 64-Bit Server VM (17.0.12+8-LTS-286, mixed mode, sharing, tiered, compressed oops, compressed class ptrs, g1 gc, windows-amd64)
GC Precious Log:
 CPUs: 4 total, 4 available
 Memory: 8109M
 Large Page Support: Disabled
 NUMA Support: Disabled
 Compressed Oops: Enabled (32-bit)
 Heap Region Size: 1M
 Heap Min Capacity: 256M
 Heap Initial Capacity: 256M
 Heap Max Capacity: 512M
 Pre-touch: Disabled
 Parallel Workers: 4
 Concurrent Workers: 1
 Concurrent Refinement Workers: 4
 Periodic GC: Disabled
Heap:
 garbage-first heap   total 262144K, used 88184K [0x00000000e0000000, 0x0000000100000000)
  region size 1024K, 57 young (58368K), 1 survivors (1024K)
 Metaspace       used 41677K, committed 42176K, reserved 393216K
  class space    used 5957K, committed 6208K, reserved 327680K
GC Heap History (14 events):
Event: 0.542 GC heap before
{Heap before GC invocations=0 (full 0):
 garbage-first heap   total 262144K, used 13312K [0x00000000e0000000, 0x0000000100000000)
  region size 1024K, 13 young (13312K), 0 survivors (0K)
 Metaspace       used 785K, committed 896K, reserved 393216K
  class space    used 61K, committed 128K, reserved 327680K
}
Event: 0.545 GC heap after
{Heap after GC invocations=1 (full 0):
 garbage-first heap   total 262144K, used 1280K [0x00000000e0000000, 0x0000000100000000)
  region size 1024K, 2 young (2048K), 2 survivors (2048K)
 Metaspace       used 785K, committed 896K, reserved 393216K
  class space    used 61K, committed 128K, reserved 327680K
}
Event: 1.210 GC heap before
{Heap before GC invocations=1 (full 0):
 garbage-first heap   total 262144K, used 22784K [0x00000000e0000000, 0x0000000100000000)
  region size 1024K, 21 young (21504K), 2 survivors (2048K)
 Metaspace       used 3441K, committed 3712K, reserved 393216K
  class space    used 439K, committed 576K, reserved 327680K
}
Event: 1.215 GC heap after
{Heap after GC invocations=2 (full 0):
 garbage-first heap   total 262144K, used 10286K [0x00000000e0000000, 0x0000000100000000)
  region size 1024K, 3 young (3072K), 3 survivors (3072K)
 Metaspace       used 3441K, committed 3712K, reserved 393216K
  class space    used 439K, committed 576K, reserved 327680K
}
Event: 6.349 GC heap before
{Heap before GC invocations=2 (full 0):
 garbage-first heap   total 262144K, used 164910K [0x00000000e0000000, 0x0000000100000000)
  region size 1024K, 153 young (156672K), 3 survivors (3072K)
 Metaspace       used 20442K, committed 20800K, reserved 393216K
  class space    used 2963K, committed 3136K, reserved 327680K
}
Event: 6.367 GC heap after
{Heap after GC invocations=3 (full 0):
 garbage-first heap   total 262144K, used 23210K [0x00000000e0000000, 0x0000000100000000)
  region size 1024K, 15 young (15360K), 15 survivors (15360K)
 Metaspace       used 20442K, committed 20800K, reserved 393216K
  class space    used 2963K, committed 3136K, reserved 327680K
}
Event: 6.486 GC heap before
{Heap before GC invocations=3 (full 0):
 garbage-first heap   total 262144K, used 27306K [0x00000000e0000000, 0x0000000100000000)
  region size 1024K, 20 young (20480K), 15 survivors (15360K)
 Metaspace       used 21152K, committed 21504K, reserved 393216K
  class space    used 3071K, committed 3264K, reserved 327680K
}
Event: 6.499 GC heap after
{Heap after GC invocations=4 (full 0):
 garbage-first heap   total 262144K, used 24689K [0x00000000e0000000, 0x0000000100000000)
  region size 1024K, 2 young (2048K), 2 survivors (2048K)
 Metaspace       used 21152K, committed 21504K, reserved 393216K
  class space    used 3071K, committed 3264K, reserved 327680K
}
Event: 9.098 GC heap before
{Heap before GC invocations=5 (full 0):
 garbage-first heap   total 262144K, used 139377K [0x00000000e0000000, 0x0000000100000000)
  region size 1024K, 116 young (118784K), 2 survivors (2048K)
 Metaspace       used 35593K, committed 35968K, reserved 393216K
  class space    used 5066K, committed 5248K, reserved 327680K
}
Event: 9.108 GC heap after
{Heap after GC invocations=6 (full 0):
 garbage-first heap   total 262144K, used 31227K [0x00000000e0000000, 0x0000000100000000)
  region size 1024K, 8 young (8192K), 8 survivors (8192K)
 Metaspace       used 35593K, committed 35968K, reserved 393216K
  class space    used 5066K, committed 5248K, reserved 327680K
}
Event: 9.146 GC heap before
{Heap before GC invocations=6 (full 0):
 garbage-first heap   total 262144K, used 32251K [0x00000000e0000000, 0x0000000100000000)
  region size 1024K, 10 young (10240K), 8 survivors (8192K)
 Metaspace       used 35899K, committed 36288K, reserved 393216K
  class space    used 5110K, committed 5312K, reserved 327680K
}
Event: 9.154 GC heap after
{Heap after GC invocations=7 (full 0):
 garbage-first heap   total 262144K, used 31556K [0x00000000e0000000, 0x0000000100000000)
  region size 1024K, 1 young (1024K), 1 survivors (1024K)
 Metaspace       used 35899K, committed 36288K, reserved 393216K
  class space    used 5110K, committed 5312K, reserved 327680K
}
Event: 9.205 GC heap before
{Heap before GC invocations=7 (full 0):
 garbage-first heap   total 262144K, used 34628K [0x00000000e0000000, 0x0000000100000000)
  region size 1024K, 5 young (5120K), 1 survivors (1024K)
 Metaspace       used 36296K, committed 36608K, reserved 393216K
  class space    used 5173K, committed 5312K, reserved 327680K
}
Event: 9.207 GC heap after
{Heap after GC invocations=8 (full 0):
 garbage-first heap   total 262144K, used 30840K [0x00000000e0000000, 0x0000000100000000)
  region size 1024K, 1 young (1024K), 1 survivors (1024K)
 Metaspace       used 36296K, committed 36608K, reserved 393216K
  class space    used 5173K, committed 5312K, reserved 327680K
}

